Flow report for DE2_Basic_Computer
Mon Oct 05 20:50:12 2015
Quartus II 32-bit Version 12.0 Build 263 08/02/2012 Service Pack 2 SJ Web Edition


---------------------
; Table of Contents ;
---------------------
  1. Legal Notice
  2. Flow Summary
  3. Flow Settings
  4. Flow Non-Default Global Settings
  5. Flow Elapsed Time
  6. Flow OS Summary
  7. Flow Log



----------------
; Legal Notice ;
----------------
Copyright (C) 1991-2012 Altera Corporation
Your use of Altera Corporation's design tools, logic functions 
and other software and tools, and its AMPP partner logic 
functions, and any output files from any of the foregoing 
(including device programming or simulation files), and any 
associated documentation or information are expressly subject 
to the terms and conditions of the Altera Program License 
Subscription Agreement, Altera MegaCore Function License 
Agreement, or other applicable license agreement, including, 
without limitation, that your use is for the sole purpose of 
programming logic devices manufactured by Altera and sold by 
Altera or its authorized distributors.  Please refer to the 
applicable agreement for further details.



+------------------------------------------------------------------------------------+
; Flow Summary                                                                       ;
+------------------------------------+-----------------------------------------------+
; Flow Status                        ; Successful - Mon Oct 05 20:50:12 2015         ;
; Quartus II 32-bit Version          ; 12.0 Build 263 08/02/2012 SP 2 SJ Web Edition ;
; Revision Name                      ; DE2_Basic_Computer                            ;
; Top-level Entity Name              ; DE2_Basic_Computer                            ;
; Family                             ; Cyclone II                                    ;
; Device                             ; EP2C35F672C6                                  ;
; Timing Models                      ; Final                                         ;
; Total logic elements               ; 3,423 / 33,216 ( 10 % )                       ;
;     Total combinational functions  ; 2,996 / 33,216 ( 9 % )                        ;
;     Dedicated logic registers      ; 2,055 / 33,216 ( 6 % )                        ;
; Total registers                    ; 2398                                          ;
; Total pins                         ; 258 / 475 ( 54 % )                            ;
; Total virtual pins                 ; 0                                             ;
; Total memory bits                  ; 79,104 / 483,840 ( 16 % )                     ;
; Embedded Multiplier 9-bit elements ; 0 / 70 ( 0 % )                                ;
; Total PLLs                         ; 1 / 4 ( 25 % )                                ;
+------------------------------------+-----------------------------------------------+


+-----------------------------------------+
; Flow Settings                           ;
+-------------------+---------------------+
; Option            ; Setting             ;
+-------------------+---------------------+
; Start date & time ; 10/05/2015 20:49:37 ;
; Main task         ; Compilation         ;
; Revision Name     ; DE2_Basic_Computer  ;
+-------------------+---------------------+


+-------------------------------------------------------------------------------------------------------------------+
; Flow Non-Default Global Settings                                                                                  ;
+-------------------------------------+----------------------------------+---------------+-------------+------------+
; Assignment Name                     ; Value                            ; Default Value ; Entity Name ; Section Id ;
+-------------------------------------+----------------------------------+---------------+-------------+------------+
; COMPILER_SIGNATURE_ID               ; 58570388167.144409617708420      ; --            ; --          ; --         ;
; FMAX_REQUIREMENT                    ; 50 MHz                           ; --            ; --          ; --         ;
; IGNORE_CLOCK_SETTINGS               ; On                               ; Off           ; --          ; --         ;
; IP_TOOL_ENV                         ; sopc                             ; --            ; nios_system ; --         ;
; IP_TOOL_NAME                        ; ALTPLL                           ; --            ; --          ; --         ;
; IP_TOOL_NAME                        ; sopc                             ; --            ; nios_system ; --         ;
; IP_TOOL_VERSION                     ; 8.0                              ; --            ; --          ; --         ;
; IP_TOOL_VERSION                     ; 12.0sp2                          ; --            ; nios_system ; --         ;
; MISC_FILE                           ; sdram_pll_bb.v                   ; --            ; --          ; --         ;
; MISC_FILE                           ; sdram_pll.ppf                    ; --            ; --          ; --         ;
; PARTITION_COLOR                     ; 2147039                          ; --            ; --          ; Top        ;
; PARTITION_FITTER_PRESERVATION_LEVEL ; PLACEMENT_AND_ROUTING            ; --            ; --          ; Top        ;
; PARTITION_NETLIST_TYPE              ; SOURCE                           ; --            ; --          ; Top        ;
; SOPC_BUILDER_SIGNATURE_ID           ; 00000000000000E0000001503AD625C9 ; --            ; --          ; --         ;
+-------------------------------------+----------------------------------+---------------+-------------+------------+


+-------------------------------------------------------------------------------------------------------------------------------+
; Flow Elapsed Time                                                                                                             ;
+---------------------------+--------------+-------------------------+---------------------+------------------------------------+
; Module Name               ; Elapsed Time ; Average Processors Used ; Peak Virtual Memory ; Total CPU Time (on all processors) ;
+---------------------------+--------------+-------------------------+---------------------+------------------------------------+
; Analysis & Synthesis      ; 00:00:13     ; 1.0                     ; 393 MB              ; 00:00:13                           ;
; Fitter                    ; 00:00:16     ; 1.0                     ; 467 MB              ; 00:00:16                           ;
; TimeQuest Timing Analyzer ; 00:00:01     ; 1.0                     ; 313 MB              ; 00:00:01                           ;
; Assembler                 ; 00:00:02     ; 1.0                     ; 332 MB              ; 00:00:02                           ;
; Total                     ; 00:00:32     ; --                      ; --                  ; 00:00:32                           ;
+---------------------------+--------------+-------------------------+---------------------+------------------------------------+


+----------------------------------------------------------------------------------------+
; Flow OS Summary                                                                        ;
+---------------------------+------------------+-----------+------------+----------------+
; Module Name               ; Machine Hostname ; OS Name   ; OS Version ; Processor type ;
+---------------------------+------------------+-----------+------------+----------------+
; Analysis & Synthesis      ; Derek-PC         ; Windows 7 ; 6.1        ; x86_64         ;
; Fitter                    ; Derek-PC         ; Windows 7 ; 6.1        ; x86_64         ;
; TimeQuest Timing Analyzer ; Derek-PC         ; Windows 7 ; 6.1        ; x86_64         ;
; Assembler                 ; Derek-PC         ; Windows 7 ; 6.1        ; x86_64         ;
+---------------------------+------------------+-----------+------------+----------------+


------------
; Flow Log ;
------------
quartus_map --read_settings_files=on --write_settings_files=off DE2_Basic_Computer -c DE2_Basic_Computer
quartus_fit --read_settings_files=off --write_settings_files=off DE2_Basic_Computer -c DE2_Basic_Computer
quartus_sta DE2_Basic_Computer -c DE2_Basic_Computer
quartus_asm --read_settings_files=off --write_settings_files=off DE2_Basic_Computer -c DE2_Basic_Computer



